Navigating to the website...
Website loaded successfully.
Logging in...
Waiting for logged-in state...
Logged in successfully.
Loading prompts from JSON file...
Loaded 9444 prompts.

Processing prompt 1 of 9444
Filling prompt input...
Prompt entered and Regenerate clicked: "
Write a detailed technical blog on the "fresh_dio" Flutter package. Structure the blog in three distinct parts, with each part in its own separate markdown format. Use RealFlutter as the main class name throughout the examples.

1. **Description**: Provide a high-level overview of the package, examples on when to use this and its features.
2. **Tutorial**: Walk through the setup process and explain how to use the package. Include platform-specific details (research as necessary for Android and iOS), and provide any required configurations or optimizations.
3. **Complete Example**: Provide a fully functional Flutter main file that demonstrates all key features of the package. Add stepwise comments within the code to explain what each part does. After the code, include a detailed explanation of the application flow via comments. Let this also be the part of code but in comments just below the code.

To make parsing easier, add markers to begin and end each section:
- Start and end the description with <-- START_DESCRIPTION --> and <-- END_DESCRIPTION -->.
- Start and end the tutorial with <-- START_TUTORIAL --> and <-- END_TUTORIAL -->.
- For the main file example, use <-- START_MAIN and END_MAIN --> as a marker just before the code begins and end the marker only after the comments explaining the flow of the application are complete.

Make sure to:
- Include detailed code comments explaining the flow of the app step-by-step.
- Provide a final summary explaining how the code flows, after the comments inside the code block.
- Use // style comments even for explaining the flow of the application.
"
Waiting for send button to be visible and clicking it...
Send button clicked.
Waiting for response...
Error processing response: page.waitForSelector: Target page, context or browser has been closed
Call log:
  [2m- waiting for locator('button:has(svg.fa-clipboard)') to be visible[22m
[2m  -   locator resolved to hidden <button tabindex="0" class=" !outline-none relative block rounded px-[10px] py-[6px] sm:px-[16px] sm:py-[5px]  text-bwleftblue   bg-bwleftblue/[0.1] hover:bg-bwleftblue/[0.2]     !px-[7px] !py-[0] border-[1px] border-bwleftblue/[0.1] dark:!border-darkcolor/[0.1] dark:!text-darkcolor/[0.6] dark:!bg-darkcolor/[0.05] dark:hover:!bg-darkcolor/[0.1]  ">…</button>[22m
[2m  -   locator resolved to hidden <button tabindex="0" class=" !outline-none relative block rounded px-[10px] py-[6px] sm:px-[16px] sm:py-[5px]  text-bwleftblue   bg-bwleftblue/[0.1] hover:bg-bwleftblue/[0.2]     !px-[7px] !py-[0] border-[1px] border-bwleftblue/[0.1] dark:!border-darkcolor/[0.1] dark:!text-darkcolor/[0.6] dark:!bg-darkcolor/[0.05] dark:hover:!bg-darkcolor/[0.1]  ">…</button>[22m
[2m  -   locator resolved to hidden <button tabindex="0" class=" !outline-none relative block rounded px-[10px] py-[6px] sm:px-[16px] sm:py-[5px]  text-bwleftblue   bg-bwleftblue/[0.1] hover:bg-bwleftblue/[0.2]     !px-[7px] !py-[0] border-[1px] border-bwleftblue/[0.1] dark:!border-darkcolor/[0.1] dark:!text-darkcolor/[0.6] dark:!bg-darkcolor/[0.05] dark:hover:!bg-darkcolor/[0.1]  ">…</button>[22m
[2m  -   locator resolved to hidden <button tabindex="0" class=" !outline-none relative block rounded px-[10px] py-[6px] sm:px-[16px] sm:py-[5px]  text-bwleftblue   bg-bwleftblue/[0.1] hover:bg-bwleftblue/[0.2]     !px-[7px] !py-[0] border-[1px] border-bwleftblue/[0.1] dark:!border-darkcolor/[0.1] dark:!text-darkcolor/[0.6] dark:!bg-darkcolor/[0.05] dark:hover:!bg-darkcolor/[0.1]  ">…</button>[22m
[2m  -   locator resolved to hidden <button tabindex="0" class=" !outline-none relative block rounded px-[10px] py-[6px] sm:px-[16px] sm:py-[5px]  text-bwleftblue   bg-bwleftblue/[0.1] hover:bg-bwleftblue/[0.2]     !px-[7px] !py-[0] border-[1px] border-bwleftblue/[0.1] dark:!border-darkcolor/[0.1] dark:!text-darkcolor/[0.6] dark:!bg-darkcolor/[0.05] dark:hover:!bg-darkcolor/[0.1]  ">…</button>[22m
[2m  -   locator resolved to hidden <button tabindex="0" class=" !outline-none relative block rounded px-[10px] py-[6px] sm:px-[16px] sm:py-[5px]  text-bwleftblue   bg-bwleftblue/[0.1] hover:bg-bwleftblue/[0.2]     !px-[7px] !py-[0] border-[1px] border-bwleftblue/[0.1] dark:!border-darkcolor/[0.1] dark:!text-darkcolor/[0.6] dark:!bg-darkcolor/[0.05] dark:hover:!bg-darkcolor/[0.1]  ">…</button>[22m
[2m  -   locator resolved to hidden <button tabindex="0" class=" !outline-none relative block rounded px-[10px] py-[6px] sm:px-[16px] sm:py-[5px]  text-bwleftblue   bg-bwleftblue/[0.1] hover:bg-bwleftblue/[0.2]     !px-[7px] !py-[0] border-[1px] border-bwleftblue/[0.1] dark:!border-darkcolor/[0.1] dark:!text-darkcolor/[0.6] dark:!bg-darkcolor/[0.05] dark:hover:!bg-darkcolor/[0.1]  ">…</button>[22m
[2m  -   locator resolved to hidden <button tabindex="0" class=" !outline-none relative block rounded px-[10px] py-[6px] sm:px-[16px] sm:py-[5px]  text-bwleftblue   bg-bwleftblue/[0.1] hover:bg-bwleftblue/[0.2]     !px-[7px] !py-[0] border-[1px] border-bwleftblue/[0.1] dark:!border-darkcolor/[0.1] dark:!text-darkcolor/[0.6] dark:!bg-darkcolor/[0.05] dark:hover:!bg-darkcolor/[0.1]  ">…</button>[22m
[2m  -   locator resolved to hidden <button tabindex="0" class=" !outline-none relative block rounded px-[10px] py-[6px] sm:px-[16px] sm:py-[5px]  text-bwleftblue   bg-bwleftblue/[0.1] hover:bg-bwleftblue/[0.2]     !px-[7px] !py-[0] border-[1px] border-bwleftblue/[0.1] dark:!border-darkcolor/[0.1] dark:!text-darkcolor/[0.6] dark:!bg-darkcolor/[0.05] dark:hover:!bg-darkcolor/[0.1]  ">…</button>[22m
[2m  -   locator resolved to hidden <button tabindex="0" class=" !outline-none relative block rounded px-[10px] py-[6px] sm:px-[16px] sm:py-[5px]  text-bwleftblue   bg-bwleftblue/[0.1] hover:bg-bwleftblue/[0.2]     !px-[7px] !py-[0] border-[1px] border-bwleftblue/[0.1] dark:!border-darkcolor/[0.1] dark:!text-darkcolor/[0.6] dark:!bg-darkcolor/[0.05] dark:hover:!bg-darkcolor/[0.1]  ">…</button>[22m
[2m  -   locator resolved to hidden <button tabindex="0" class=" !outline-none relative block rounded px-[10px] py-[6px] sm:px-[16px] sm:py-[5px]  text-bwleftblue   bg-bwleftblue/[0.1] hover:bg-bwleftblue/[0.2]     !px-[7px] !py-[0] border-[1px] border-bwleftblue/[0.1] dark:!border-darkcolor/[0.1] dark:!text-darkcolor/[0.6] dark:!bg-darkcolor/[0.05] dark:hover:!bg-darkcolor/[0.1]  ">…</button>[22m
[2m  -   locator resolved to hidden <button tabindex="0" class=" !outline-none relative block rounded px-[10px] py-[6px] sm:px-[16px] sm:py-[5px]  text-bwleftblue   bg-bwleftblue/[0.1] hover:bg-bwleftblue/[0.2]     !px-[7px] !py-[0] border-[1px] border-bwleftblue/[0.1] dark:!border-darkcolor/[0.1] dark:!text-darkcolor/[0.6] dark:!bg-darkcolor/[0.05] dark:hover:!bg-darkcolor/[0.1]  ">…</button>[22m
[2m  -   locator resolved to hidden <button tabindex="0" class=" !outline-none relative block rounded px-[10px] py-[6px] sm:px-[16px] sm:py-[5px]  text-bwleftblue   bg-bwleftblue/[0.1] hover:bg-bwleftblue/[0.2]     !px-[7px] !py-[0] border-[1px] border-bwleftblue/[0.1] dark:!border-darkcolor/[0.1] dark:!text-darkcolor/[0.6] dark:!bg-darkcolor/[0.05] dark:hover:!bg-darkcolor/[0.1]  ">…</button>[22m
[2m  -   locator resolved to hidden <button tabindex="0" class=" !outline-none relative block rounded px-[10px] py-[6px] sm:px-[16px] sm:py-[5px]  text-bwleftblue   bg-bwleftblue/[0.1] hover:bg-bwleftblue/[0.2]     !px-[7px] !py-[0] border-[1px] border-bwleftblue/[0.1] dark:!border-darkcolor/[0.1] dark:!text-darkcolor/[0.6] dark:!bg-darkcolor/[0.05] dark:hover:!bg-darkcolor/[0.1]  ">…</button>[22m
[2m  -   locator resolved to hidden <button tabindex="0" class=" !outline-none relative block rounded px-[10px] py-[6px] sm:px-[16px] sm:py-[5px]  text-bwleftblue   bg-bwleftblue/[0.1] hover:bg-bwleftblue/[0.2]     !px-[7px] !py-[0] border-[1px] border-bwleftblue/[0.1] dark:!border-darkcolor/[0.1] dark:!text-darkcolor/[0.6] dark:!bg-darkcolor/[0.05] dark:hover:!bg-darkcolor/[0.1]  ">…</button>[22m
[2m  -   locator resolved to hidden <button tabindex="0" class=" !outline-none relative block rounded px-[10px] py-[6px] sm:px-[16px] sm:py-[5px]  text-bwleftblue   bg-bwleftblue/[0.1] hover:bg-bwleftblue/[0.2]     !px-[7px] !py-[0] border-[1px] border-bwleftblue/[0.1] dark:!border-darkcolor/[0.1] dark:!text-darkcolor/[0.6] dark:!bg-darkcolor/[0.05] dark:hover:!bg-darkcolor/[0.1]  ">…</button>[22m
[2m  -   locator resolved to hidden <button tabindex="0" class=" !outline-none relative block rounded px-[10px] py-[6px] sm:px-[16px] sm:py-[5px]  text-bwleftblue   bg-bwleftblue/[0.1] hover:bg-bwleftblue/[0.2]     !px-[7px] !py-[0] border-[1px] border-bwleftblue/[0.1] dark:!border-darkcolor/[0.1] dark:!text-darkcolor/[0.6] dark:!bg-darkcolor/[0.05] dark:hover:!bg-darkcolor/[0.1]  ">…</button>[22m
[2m  -   locator resolved to hidden <button tabindex="0" class=" !outline-none relative block rounded px-[10px] py-[6px] sm:px-[16px] sm:py-[5px]  text-bwleftblue   bg-bwleftblue/[0.1] hover:bg-bwleftblue/[0.2]     !px-[7px] !py-[0] border-[1px] border-bwleftblue/[0.1] dark:!border-darkcolor/[0.1] dark:!text-darkcolor/[0.6] dark:!bg-darkcolor/[0.05] dark:hover:!bg-darkcolor/[0.1]  ">…</button>[22m

    at waitForResponse (/root/playwright/main.js:71:14)
    at processPrompts (/root/playwright/main.js:128:13)
    at async main (/root/playwright/main.js:151:5)
An error occurred: page.screenshot: Target page, context or browser has been closed
    at handleError (/root/playwright/main.js:116:14)
    at async processPrompts (/root/playwright/main.js:136:7)
    at async main (/root/playwright/main.js:151:5)
Closing browser...
Browser closed.
node:internal/process/promises:394
    triggerUncaughtException(err, true /* fromPromise */);
    ^

page.screenshot: Target page, context or browser has been closed
    at main (/root/playwright/main.js:158:18)

Node.js v22.8.0
